#
# A fatal error has been detected by the Java Runtime Environment:
#
#  EXCEPTION_ACCESS_VIOLATION (0xc0000005) at pc=0x7700d7f1, pid=14464, tid=14288
#
# JRE version: 6.0_17-b04
# Java VM: Java HotSpot(TM) Client VM (14.3-b01 mixed mode windows-x86 )
# Problematic frame:
# C  [ole32.dll+0x2d7f1]
#
# If you would like to submit a bug report, please visit:
#   http://java.sun.com/webapps/bugreport/crash.jsp
# The crash happened outside the Java Virtual Machine in native code.
# See problematic frame for where to report the bug.
#

---------------  T H R E A D  ---------------

Current thread (0x22151c00):  JavaThread "AWT-EventQueue-0" [_thread_in_native, id=14288, stack(0x0ff50000,0x0ffd0000)]

siginfo: ExceptionCode=0xc0000005, reading address 0x00000038

Registers:
EAX=0x000004ba, EBX=0x00000000, ECX=0x00000000, EDX=0x779370f4
ESP=0x0ffcf28c, EBP=0x0ffcf2b0, ESI=0x00000000, EDI=0x00000000
EIP=0x7700d7f1, EFLAGS=0x00210246

Top of Stack: (sp=0x0ffcf28c)
0x0ffcf28c:   0b280060 77127758 7700d3a6 07cb4138
0x0ffcf29c:   22872288 00000000 7711d6ee 20975760
0x0ffcf2ac:   0b280060 0ffcf2fc 7706e893 febcf7b4
0x0ffcf2bc:   20975760 20975760 07cb4138 76c05582
0x0ffcf2cc:   006fc280 00009824 0f923b30 0ffcf300
0x0ffcf2dc:   00000000 22872248 0ffcf2b8 0ffcee68
0x0ffcf2ec:   0ffcf334 77046751 8646ec18 fffffffe
0x0ffcf2fc:   0ffcf368 0f8efb7d 22872288 00000000 

Instructions: (pc=0x7700d7f1)
0x7700d7e1:   f7 ff ff 90 90 90 90 90 8b ff 53 56 8b f1 33 db
0x7700d7f1:   f7 46 38 00 01 00 00 57 74 3f e8 36 50 ff ff 8b 


Stack: [0x0ff50000,0x0ffd0000],  sp=0x0ffcf28c,  free space=508k
Native frames: (J=compiled Java code, j=interpreted, Vv=VM code, C=native code)
C  [ole32.dll+0x2d7f1]
C  [ole32.dll+0x8e893]
C  0x0f8efb7d
j  sun.awt.windows.WComponentPeer.removeNativeDropTarget()V+0
j  sun.awt.windows.WComponentPeer.removeDropTarget(Ljava/awt/dnd/DropTarget;)V+18
J  java.awt.Component.removeNotify()V
J  java.awt.Container.removeNotify()V
J  javax.swing.JComponent.removeNotify()V
J  java.awt.Container.removeNotify()V
J  javax.swing.JComponent.removeNotify()V
J  java.awt.Container.removeNotify()V
J  javax.swing.JComponent.removeNotify()V
J  java.awt.Container.removeNotify()V
J  javax.swing.JComponent.removeNotify()V
J  java.awt.Container.removeNotify()V
J  javax.swing.JComponent.removeNotify()V
J  java.awt.Container.remove(I)V
J  java.awt.Container.remove(Ljava/awt/Component;)V
j  com.mathworks.widgets.desk.DTBorderContainer.completeFurl()V+54
j  com.mathworks.widgets.desk.DTBorderContainer.continueFurl()V+130
j  com.mathworks.widgets.desk.DTBorderContainer.access$400(Lcom/mathworks/widgets/desk/DTBorderContainer;)V+1
j  com.mathworks.widgets.desk.DTBorderContainer$1.actionPerformed(Ljava/awt/event/ActionEvent;)V+34
J  javax.swing.Timer.fireActionPerformed(Ljava/awt/event/ActionEvent;)V
J  javax.swing.Timer$DoPostEvent.run()V
J  java.awt.event.InvocationEvent.dispatch()V
J  java.awt.EventQueue.dispatchEvent(Ljava/awt/AWTEvent;)V
J  java.awt.EventDispatchThread.pumpOneEventForFilters(I)Z
J  java.awt.EventDispatchThread.pumpEventsForFilter(ILjava/awt/Conditional;Ljava/awt/EventFilter;)V
j  java.awt.EventDispatchThread.pumpEventsForHierarchy(ILjava/awt/Conditional;Ljava/awt/Component;)V+11
j  java.awt.EventDispatchThread.pumpEvents(ILjava/awt/Conditional;)V+4
j  java.awt.EventDispatchThread.pumpEvents(Ljava/awt/Conditional;)V+3
j  java.awt.EventDispatchThread.run()V+9
v  ~StubRoutines::call_stub
C  0x74c1cf9c
C  0x74ca41d1
C  0x74c1d167
C  0x74c1d1dd
C  0x74c46290
C  0x74d00414
C  0x74ca3e4c
C  0x7d919565
C  [kernel32.dll+0x4ed5c]
C  [ntdll.dll+0x637eb]
C  [ntdll.dll+0x637be]

Java frames: (J=compiled Java code, j=interpreted, Vv=VM code)
j  sun.awt.windows.WComponentPeer.removeNativeDropTarget()V+0
j  sun.awt.windows.WComponentPeer.removeDropTarget(Ljava/awt/dnd/DropTarget;)V+18
J  java.awt.Component.removeNotify()V
J  java.awt.Container.removeNotify()V
J  javax.swing.JComponent.removeNotify()V
J  java.awt.Container.removeNotify()V
J  javax.swing.JComponent.removeNotify()V
J  java.awt.Container.removeNotify()V
J  javax.swing.JComponent.removeNotify()V
J  java.awt.Container.removeNotify()V
J  javax.swing.JComponent.removeNotify()V
J  java.awt.Container.removeNotify()V
J  javax.swing.JComponent.removeNotify()V
J  java.awt.Container.remove(I)V
J  java.awt.Container.remove(Ljava/awt/Component;)V
j  com.mathworks.widgets.desk.DTBorderContainer.completeFurl()V+54
j  com.mathworks.widgets.desk.DTBorderContainer.continueFurl()V+130
j  com.mathworks.widgets.desk.DTBorderContainer.access$400(Lcom/mathworks/widgets/desk/DTBorderContainer;)V+1
j  com.mathworks.widgets.desk.DTBorderContainer$1.actionPerformed(Ljava/awt/event/ActionEvent;)V+34
J  javax.swing.Timer.fireActionPerformed(Ljava/awt/event/ActionEvent;)V
J  javax.swing.Timer$DoPostEvent.run()V
J  java.awt.event.InvocationEvent.dispatch()V
J  java.awt.EventQueue.dispatchEvent(Ljava/awt/AWTEvent;)V
J  java.awt.EventDispatchThread.pumpOneEventForFilters(I)Z
J  java.awt.EventDispatchThread.pumpEventsForFilter(ILjava/awt/Conditional;Ljava/awt/EventFilter;)V
j  java.awt.EventDispatchThread.pumpEventsForHierarchy(ILjava/awt/Conditional;Ljava/awt/Component;)V+11
j  java.awt.EventDispatchThread.pumpEvents(ILjava/awt/Conditional;)V+4
j  java.awt.EventDispatchThread.pumpEvents(Ljava/awt/Conditional;)V+3
j  java.awt.EventDispatchThread.run()V+9
v  ~StubRoutines::call_stub

---------------  P R O C E S S  ---------------

Java Threads: ( => current thread )
  0x22154c00 JavaThread "Unnamed RequestAggregator Timer" daemon [_thread_blocked, id=14364, stack(0x07790000,0x07810000)]
  0x22153400 JavaThread "Image Fetcher 0" daemon [_thread_blocked, id=7364, stack(0x07500000,0x07580000)]
  0x22157800 JavaThread "Code Analyzer updating thread" [_thread_blocked, id=4416, stack(0x07580000,0x07600000)]
  0x22158000 JavaThread "Code Analyzer updating thread" [_thread_blocked, id=12688, stack(0x07480000,0x07500000)]
  0x227eb800 JavaThread "Code Analyzer updating thread" [_thread_blocked, id=4792, stack(0x07400000,0x07480000)]
  0x22153000 JavaThread "Swing-Shell" daemon [_thread_blocked, id=15096, stack(0x071e0000,0x07260000)]
  0x227eac00 JavaThread "Code Analyzer updating thread" [_thread_blocked, id=14284, stack(0x09fa0000,0x0a020000)]
  0x227ea400 JavaThread "Prefs Updater" daemon [_thread_blocked, id=14440, stack(0x09e80000,0x09f00000)]
  0x227e9400 JavaThread "Foxtrot Single Worker Thread #1" daemon [_thread_blocked, id=7648, stack(0x085c0000,0x08640000)]
  0x227e8c00 JavaThread "Code Analyzer updating thread" [_thread_blocked, id=12068, stack(0x25360000,0x253e0000)]
  0x22157400 JavaThread "Active Reference Queue Daemon" daemon [_thread_blocked, id=10868, stack(0x250e0000,0x25160000)]
  0x22156c00 JavaThread "Timer-1" daemon [_thread_blocked, id=4376, stack(0x25060000,0x250e0000)]
  0x22156800 JavaThread "ClipboardMonitor Timer" daemon [_thread_blocked, id=6892, stack(0x24fe0000,0x25060000)]
  0x22155400 JavaThread "Explorer NavigationContext request queue" daemon [_thread_blocked, id=13672, stack(0x24040000,0x240c0000)]
  0x22154800 JavaThread "AddressBar directory emptiness poller" daemon [_thread_blocked, id=16260, stack(0x23f40000,0x23fc0000)]
  0x22154000 JavaThread "Explorer Refresh Service 27825828" daemon [_thread_blocked, id=15364, stack(0x23ec0000,0x23f40000)]
  0x22152800 JavaThread "TimerQueue" daemon [_thread_blocked, id=6920, stack(0x233d0000,0x23450000)]
  0x22152400 JavaThread "Thread-3" daemon [_thread_blocked, id=11624, stack(0x230d0000,0x23150000)]
=>0x22151c00 JavaThread "AWT-EventQueue-0" [_thread_in_native, id=14288, stack(0x0ff50000,0x0ffd0000)]
  0x22151800 JavaThread "AWT-Shutdown" [_thread_blocked, id=14588, stack(0x0fd50000,0x0fdd0000)]
  0x22151000 JavaThread "FelixPackageAdmin" daemon [_thread_blocked, id=12812, stack(0x23350000,0x233d0000)]
  0x22150c00 JavaThread "FelixStartLevel" daemon [_thread_blocked, id=16364, stack(0x232d0000,0x23350000)]
  0x22150400 JavaThread "FelixDispatchQueue" daemon [_thread_blocked, id=15032, stack(0x23150000,0x231d0000)]
  0x21582800 JavaThread "com.google.common.base.internal.Finalizer" daemon [_thread_blocked, id=14908, stack(0x0fed0000,0x0ff50000)]
  0x21528400 JavaThread "AWT-Windows" daemon [_thread_in_native, id=14528, stack(0x0fdd0000,0x0fe50000)]
  0x21525000 JavaThread "Java2D Disposer" daemon [_thread_blocked, id=1060, stack(0x0fcd0000,0x0fd50000)]
  0x21477400 JavaThread "Timer-0" [_thread_blocked, id=4344, stack(0x09680000,0x09700000)]
  0x21233400 JavaThread "EventMgr Dispatcher" daemon [_thread_in_native, id=16096, stack(0x21800000,0x22000000)]
  0x07cc7800 JavaThread "Low Memory Detector" daemon [_thread_blocked, id=11000, stack(0x061a0000,0x06220000)]
  0x07cc3800 JavaThread "CompilerThread0" daemon [_thread_blocked, id=6992, stack(0x0f080000,0x0f880000)]
  0x07cb8c00 JavaThread "Attach Listener" daemon [_thread_blocked, id=6240, stack(0x06020000,0x060a0000)]
  0x07c81800 JavaThread "Finalizer" daemon [_thread_blocked, id=13740, stack(0x05fa0000,0x06020000)]
  0x07c80400 JavaThread "Reference Handler" daemon [_thread_blocked, id=3352, stack(0x05f20000,0x05fa0000)]
  0x07baf800 JavaThread "main" [_thread_in_native, id=1124, stack(0x00430000,0x00c30000)]

Other Threads:
  0x07c7cc00 VMThread [stack: 0x0e880000,0x0f080000] [id=4044]
  0x07cd1000 WatcherThread [stack: 0x20010000,0x20810000] [id=7824]

VM state:not at safepoint (normal execution)

VM Mutex/Monitor currently owned by a thread: None

Heap
 def new generation   total 15040K, used 11770K [0x12010000, 0x13060000, 0x14010000)
  eden space 13376K,  77% used [0x12010000, 0x12a26a00, 0x12d20000)
  from space 1664K,  86% used [0x12d20000, 0x12e88158, 0x12ec0000)
  to   space 1664K,   0% used [0x12ec0000, 0x12ec0000, 0x13060000)
 tenured generation   total 49924K, used 29954K [0x14010000, 0x170d1000, 0x1a010000)
   the space 49924K,  59% used [0x14010000, 0x15d50800, 0x15d50800, 0x170d1000)
 compacting perm gen  total 44288K, used 44053K [0x1a010000, 0x1cb50000, 0x20010000)
   the space 44288K,  99% used [0x1a010000, 0x1cb156d8, 0x1cb15800, 0x1cb50000)
No shared spaces configured.

Dynamic libraries:
0x00400000 - 0x00425000 	C:\Program Files\MATLAB\R2013a\bin\win32\MATLAB.exe
0x778f0000 - 0x77a2c000 	C:\Windows\SYSTEM32\ntdll.dll
0x76d40000 - 0x76e14000 	C:\Windows\system32\kernel32.dll
0x75af0000 - 0x75b3b000 	C:\Windows\system32\KERNELBASE.dll
0x7ef10000 - 0x7efa1000 	C:\Program Files\MATLAB\R2013a\bin\win32\libut.dll
0x7dce0000 - 0x7dd75000 	C:\Program Files\MATLAB\R2013a\bin\win32\libmwi18n.dll
0x10000000 - 0x1000b000 	C:\Program Files\MATLAB\R2013a\bin\win32\libmwresource_core.dll
0x00210000 - 0x00279000 	C:\Program Files\MATLAB\R2013a\bin\win32\MSVCP100.dll
0x00280000 - 0x0033f000 	C:\Program Files\MATLAB\R2013a\bin\win32\MSVCR100.dll
0x73020000 - 0x7302c000 	C:\Program Files\MATLAB\R2013a\bin\win32\boost_date_time-vc100-mt-1_49.dll
0x00060000 - 0x00085000 	C:\Program Files\MATLAB\R2013a\bin\win32\boost_filesystem-vc100-mt-1_49.dll
0x74810000 - 0x74817000 	C:\Program Files\MATLAB\R2013a\bin\win32\boost_system-vc100-mt-1_49.dll
0x76a90000 - 0x76b30000 	C:\Windows\system32\ADVAPI32.dll
0x77a60000 - 0x77b0c000 	C:\Windows\system32\msvcrt.dll
0x75c90000 - 0x75ca9000 	C:\Windows\SYSTEM32\sechost.dll
0x76ee0000 - 0x76f82000 	C:\Windows\system32\RPCRT4.dll
0x00340000 - 0x00361000 	C:\Program Files\MATLAB\R2013a\bin\win32\LIBEXPAT.dll
0x72eb0000 - 0x72ff9000 	C:\Program Files\MATLAB\R2013a\bin\win32\icuin49.dll
0x7ea10000 - 0x7eb17000 	C:\Program Files\MATLAB\R2013a\bin\win32\icuuc49.dll
0x00c30000 - 0x01d52000 	C:\Program Files\MATLAB\R2013a\bin\win32\icudt49.dll
0x73db0000 - 0x73dbd000 	C:\Program Files\MATLAB\R2013a\bin\win32\icuio49.dll
0x01d60000 - 0x01eb3000 	C:\Program Files\MATLAB\R2013a\bin\win32\libmwfl.dll
0x01ec0000 - 0x021e3000 	C:\Program Files\MATLAB\R2013a\bin\win32\libmwMATLAB_res.dll
0x021f0000 - 0x022a4000 	C:\Program Files\MATLAB\R2013a\bin\win32\boost_regex-vc100-mt-1_49.dll
0x76bf0000 - 0x76cb9000 	C:\Windows\system32\USER32.dll
0x76f90000 - 0x76fde000 	C:\Windows\system32\GDI32.dll
0x77a30000 - 0x77a3a000 	C:\Windows\system32\LPK.dll
0x76e40000 - 0x76edd000 	C:\Windows\system32\USP10.dll
0x00390000 - 0x0039e000 	C:\Program Files\MATLAB\R2013a\bin\win32\boost_signals-vc100-mt-1_49.dll
0x72910000 - 0x7291e000 	C:\Program Files\MATLAB\R2013a\bin\win32\boost_thread-vc100-mt-1_49.dll
0x022b0000 - 0x02324000 	C:\Program Files\MATLAB\R2013a\bin\win32\boost_log-vc100-mt-1_49.dll
0x77a50000 - 0x77a55000 	C:\Windows\system32\PSAPI.DLL
0x77490000 - 0x774c5000 	C:\Windows\system32\WS2_32.dll
0x77b10000 - 0x77b16000 	C:\Windows\system32\NSI.dll
0x003a0000 - 0x003c8000 	C:\Program Files\MATLAB\R2013a\bin\win32\tbb.dll
0x76b30000 - 0x76b5a000 	C:\Windows\system32\imagehlp.dll
0x73f70000 - 0x73f95000 	C:\Windows\system32\POWRPROF.dll
0x77220000 - 0x773bd000 	C:\Windows\system32\SETUPAPI.dll
0x75c50000 - 0x75c77000 	C:\Windows\system32\CFGMGR32.dll
0x77140000 - 0x771cf000 	C:\Windows\system32\OLEAUT32.dll
0x76fe0000 - 0x7713c000 	C:\Windows\system32\ole32.dll
0x75b40000 - 0x75b52000 	C:\Windows\system32\DEVOBJ.dll
0x003d0000 - 0x003e9000 	C:\Program Files\MATLAB\R2013a\bin\win32\libmwmfl_scalar.dll
0x73320000 - 0x7340b000 	C:\Windows\system32\dbghelp.dll
0x02330000 - 0x025c6000 	C:\Program Files\MATLAB\R2013a\bin\win32\libmwservices.dll
0x7db50000 - 0x7dc0c000 	C:\Program Files\MATLAB\R2013a\bin\win32\libmx.dll
0x025d0000 - 0x025e8000 	C:\Program Files\MATLAB\R2013a\bin\win32\tbbmalloc.dll
0x72190000 - 0x721a4000 	C:\Program Files\MATLAB\R2013a\bin\win32\zlib1.dll
0x025f0000 - 0x0262d000 	C:\Program Files\MATLAB\R2013a\bin\win32\libmwregexp.dll
0x7df40000 - 0x7df78000 	C:\Program Files\MATLAB\R2013a\bin\win32\mpath.dll
0x72990000 - 0x72ea3000 	C:\Program Files\MATLAB\R2013a\bin\win32\mlutil.dll
0x7d670000 - 0x7d6d2000 	C:\Program Files\MATLAB\R2013a\bin\win32\xmlcore.dll
0x02630000 - 0x027f0000 	C:\Program Files\MATLAB\R2013a\bin\win32\xerces-c_2_7.dll
0x027f0000 - 0x0280f000 	C:\Program Files\MATLAB\R2013a\bin\win32\libmwMATLAB_settings_res.dll
0x72130000 - 0x7213d000 	C:\Program Files\MATLAB\R2013a\bin\win32\boost_iostreams-vc100-mt-1_49.dll
0x02810000 - 0x0284e000 	C:\Program Files\MATLAB\R2013a\bin\win32\boost_serialization-vc100-mt-1_49.dll
0x75d10000 - 0x7695a000 	C:\Windows\system32\SHELL32.dll
0x75cb0000 - 0x75d07000 	C:\Windows\system32\SHLWAPI.dll
0x02850000 - 0x02855000 	C:\Program Files\MATLAB\R2013a\bin\win32\libmwnativedisplay.dll
0x72240000 - 0x722c4000 	C:\Windows\WinSxS\x86_microsoft.windows.common-controls_6595b64144ccf1df_5.82.7601.17514_none_ec83dffa859149af\COMCTL32.dll
0x76cc0000 - 0x76d3b000 	C:\Windows\system32\COMDLG32.dll
0x73b30000 - 0x73b41000 	C:\Windows\system32\NETAPI32.dll
0x73b20000 - 0x73b29000 	C:\Windows\system32\netutils.dll
0x75430000 - 0x75449000 	C:\Windows\system32\srvcli.dll
0x73b10000 - 0x73b1f000 	C:\Windows\system32\wkscli.dll
0x7f270000 - 0x7f2f7000 	C:\Program Files\MATLAB\R2013a\bin\win32\mcr.dll
0x02860000 - 0x02bee000 	C:\Program Files\MATLAB\R2013a\bin\win32\iqm.dll
0x7f630000 - 0x7f6b1000 	C:\Program Files\MATLAB\R2013a\bin\win32\m_dispatcher.dll
0x7b920000 - 0x7be74000 	C:\Program Files\MATLAB\R2013a\bin\win32\m_interpreter.dll
0x73dc0000 - 0x73ddc000 	C:\Program Files\MATLAB\R2013a\bin\win32\libmex.dll
0x7d8b0000 - 0x7d910000 	C:\Program Files\MATLAB\R2013a\bin\win32\profiler.dll
0x02bf0000 - 0x02e5c000 	C:\Program Files\MATLAB\R2013a\bin\win32\libmwmathutil.dll
0x734f0000 - 0x7350f000 	C:\Program Files\MATLAB\R2013a\bin\win32\libmwmathrng.dll
0x02e60000 - 0x02e6e000 	C:\Program Files\MATLAB\R2013a\bin\win32\libmwmfl_rng.dll
0x7c390000 - 0x7c43b000 	C:\Program Files\MATLAB\R2013a\bin\win32\libmwmathcore.dll
0x7e000000 - 0x7e048000 	C:\Program Files\MATLAB\R2013a\bin\win32\libmwspmatrix.dll
0x72390000 - 0x72540000 	C:\Program Files\MATLAB\R2013a\bin\win32\mcos.dll
0x02e70000 - 0x02ebb000 	C:\Program Files\MATLAB\R2013a\bin\win32\libmwcholmod.dll
0x73e70000 - 0x73e7a000 	C:\Program Files\MATLAB\R2013a\bin\win32\libmwamd.dll
0x02ee0000 - 0x02f83000 	C:\Windows\WinSxS\x86_microsoft.vc90.crt_1fc8b3b9a1e18e3b_9.0.30729.6161_none_50934f2ebcb7eb57\MSVCR90.dll
0x73e80000 - 0x73e8a000 	C:\Program Files\MATLAB\R2013a\bin\win32\libmwcolamd.dll
0x02fa0000 - 0x02fab000 	C:\Program Files\MATLAB\R2013a\bin\win32\libmwblas.dll
0x73d30000 - 0x73d41000 	C:\Program Files\MATLAB\R2013a\bin\win32\libmwbinder.dll
0x73ea0000 - 0x73ea9000 	C:\Program Files\MATLAB\R2013a\bin\win32\libmwompwrapper.dll
0x73030000 - 0x73064000 	C:\Program Files\MATLAB\R2013a\bin\win32\libmwlapack.dll
0x73bf0000 - 0x73c07000 	C:\Program Files\MATLAB\R2013a\bin\win32\m_pcodeio.dll
0x7e080000 - 0x7e0c9000 	C:\Program Files\MATLAB\R2013a\bin\win32\m_ir.dll
0x70000000 - 0x70590000 	C:\Program Files\MATLAB\R2013a\bin\win32\m_parser.dll
0x02fb0000 - 0x02fc1000 	C:\Program Files\MATLAB\R2013a\bin\win32\ir_xfmr.dll
0x73e90000 - 0x73e9e000 	C:\Program Files\MATLAB\R2013a\bin\win32\mtok.dll
0x73690000 - 0x736b1000 	C:\Program Files\MATLAB\R2013a\bin\win32\m_pcodegen.dll
0x7e1c0000 - 0x7e1e7000 	C:\Program Files\MATLAB\R2013a\bin\win32\libmwbridge.dll
0x7f390000 - 0x7f421000 	C:\Program Files\MATLAB\R2013a\bin\win32\udd.dll
0x7e6f0000 - 0x7e808000 	C:\Program Files\MATLAB\R2013a\bin\win32\libmwgui.dll
0x73c10000 - 0x73c2d000 	C:\Program Files\MATLAB\R2013a\bin\win32\graphics_util.dll
0x02fd0000 - 0x03082000 	C:\Program Files\MATLAB\R2013a\bin\win32\libtex_base.dll
0x03090000 - 0x037dc000 	C:\Program Files\MATLAB\R2013a\bin\win32\hg.dll
0x037e0000 - 0x03826000 	C:\Program Files\MATLAB\R2013a\bin\win32\libmat.dll
0x03830000 - 0x03a19000 	C:\Program Files\MATLAB\R2013a\bin\win32\hdf5dll.dll
0x7d9d0000 - 0x7da76000 	C:\Program Files\MATLAB\R2013a\bin\win32\jmi.dll
0x03a30000 - 0x03a3c000 	C:\Program Files\MATLAB\R2013a\bin\win32\nativejava_services.dll
0x732b0000 - 0x732e2000 	C:\Program Files\MATLAB\R2013a\bin\win32\libmwhardcopy.dll
0x7de70000 - 0x7deb8000 	C:\Program Files\MATLAB\R2013a\bin\win32\libuij.dll
0x03a40000 - 0x03c12000 	C:\Program Files\MATLAB\R2013a\bin\win32\hgdatatypes.dll
0x7d2e0000 - 0x7d39d000 	C:\Program Files\MATLAB\R2013a\bin\win32\hgutils.dll
0x03c20000 - 0x03ca8000 	C:\Program Files\MATLAB\R2013a\bin\win32\udd_mi.dll
0x03cb0000 - 0x03cdd000 	C:\Program Files\MATLAB\R2013a\bin\win32\libmwgbtutils.dll
0x03ce0000 - 0x03cf0000 	C:\Program Files\MATLAB\R2013a\bin\win32\libmwgbt.dll
0x74dc0000 - 0x75065000 	C:\Program Files\MATLAB\R2013a\bin\win32\uiw.dll
0x73ee0000 - 0x73ee8000 	C:\Program Files\MATLAB\R2013a\bin\win32\uinone.dll
0x03cf0000 - 0x03d0e000 	C:\Program Files\MATLAB\R2013a\bin\win32\libmwnativefiledialogs.dll
0x03d10000 - 0x03d19000 	C:\Program Files\MATLAB\R2013a\bin\win32\libmwplatform_res.dll
0x03d20000 - 0x03d32000 	C:\Windows\system32\MPR.dll
0x03d40000 - 0x04178000 	C:\Program Files\MATLAB\R2013a\bin\win32\mfc100.dll
0x73610000 - 0x73615000 	C:\Windows\system32\MSIMG32.dll
0x73cc0000 - 0x73d11000 	C:\Windows\system32\WINSPOOL.DRV
0x73710000 - 0x73726000 	C:\Program Files\MATLAB\R2013a\bin\win32\mwoles05.DLL
0x7dc40000 - 0x7dc93000 	C:\Program Files\MATLAB\R2013a\bin\win32\comcli.dll
0x04180000 - 0x041a6000 	C:\Program Files\MATLAB\R2013a\bin\win32\ATL100.DLL
0x73e00000 - 0x73e0a000 	C:\Program Files\MATLAB\R2013a\bin\win32\mlautoregister.dll
0x041b0000 - 0x042ec000 	C:\Program Files\MATLAB\R2013a\bin\win32\mvm.dll
0x76e20000 - 0x76e3f000 	C:\Windows\system32\IMM32.DLL
0x773c0000 - 0x7748c000 	C:\Windows\system32\MSCTF.dll
0x75670000 - 0x75923000 	c:\progra~2\bitguard\261673~1.238\{c16c1~1\bitguard.dll
0x75600000 - 0x75609000 	C:\Windows\system32\VERSION.dll
0x755a0000 - 0x755f8000 	C:\Windows\system32\WINHTTP.dll
0x75550000 - 0x7559f000 	C:\Windows\system32\webio.dll
0x743d0000 - 0x74410000 	C:\Windows\system32\UxTheme.dll

VM Arguments:
jvm_args: -Xss512k -XX:PermSize=32m -Xms64m -XX:NewRatio=3 -XX:MaxPermSize=96m -Xmx128m -XX:MaxDirectMemorySize=1200000000 -Dsun.java2d.noddraw=true -Dsun.awt.nopixfmt=true -Xshare:off -Xrs -Dsun.awt.disableMixing=true -Djava.library.path=C:\Program Files\MATLAB\R2013a\bin\win32;C:\Program Files\MATLAB\R2013a\sys\jxbrowser\win32\lib vfprintf abort 
java_command: <unknown>
Launcher Type: generic

Environment Variables:
PATH=C:\Program Files\MiKTeX 2.9\miktex\bin;C:\Windows\system32;C:\Windows;C:\Windows\System32\Wbem;C:\Windows\System32\WindowsPowerShell\v1.0\;C:\Program Files\Intel\WiFi\bin\;C:\Program Files\Common Files\Intel\WirelessCommon\;C:\Program Files\WIDCOMM\Bluetooth Software\;C:\Program Files\MATLAB\R2013a\bin;C:\Program Files\MATLAB\R2012b\runtime\win32;C:\Program Files\MATLAB\R2012b\bin
USERNAME=Nora IZRI
OS=Windows_NT
PROCESSOR_IDENTIFIER=x86 Family 6 Model 15 Stepping 13, GenuineIntel



---------------  S Y S T E M  ---------------

OS: Windows 7 Build 7601 Service Pack 1

CPU:total 2 (2 cores per cpu, 1 threads per core) family 6 model 15 stepping 13, cmov, cx8, fxsr, mmx, sse, sse2, sse3, ssse3

Memory: 4k page, physical 2088248k(677544k free), swap 4194303k(1834612k free)

vm_info: Java HotSpot(TM) Client VM (14.3-b01) for windows-x86 JRE (1.6.0_17-b04), built on Oct 11 2009 00:52:06 by "java_re" with MS VC++ 7.1

time: Mon Oct 07 14:20:10 2013
elapsed time: 13853 seconds

